<?xml version="1.0" encoding="UTF-8"?>
<testsuite name="whendo.Activitytest" tests="1" skipped="0" failures="0" errors="0" timestamp="2024-11-05T21:40:38" hostname="WENDYCACERES" time="51.203">
  <properties/>
  <testcase name="activitytest()" classname="whendo.Activitytest" time="51.203"/>
  <system-out><![CDATA[]]></system-out>
  <system-err><![CDATA[]]></system-err>
</testsuite>
